# JRE version: Java(TM) SE Runtime Environment (8.0_112-b15) (build 1.8.0_112-b15)
# Java VM: Java HotSpot(TM) 64-Bit Server VM (25.112-b15 mixed mode windows-amd64 compressed oops)
Heap:
 PSYoungGen      total 52224K, used 21882K [0x00000007bc400000, 0x00000007c0000000, 0x00000007c0000000)
  eden space 46080K, 34% used [0x00000007bc400000,0x00000007bd35fc00,0x00000007bf100000)
  from space 6144K, 99% used [0x00000007bfa00000,0x00000007bfffef90,0x00000007c0000000)
  to   space 7680K, 0% used [0x00000007bf100000,0x00000007bf100000,0x00000007bf880000)
 ParOldGen       total 143360K, used 100942K [0x0000000700000000, 0x0000000708c00000, 0x00000007bc400000)
  object space 143360K, 70% used [0x0000000700000000,0x0000000706293868,0x0000000708c00000)
 Metaspace       used 81334K, capacity 82113K, committed 82992K, reserved 1120256K
  class space    used 11301K, capacity 11451K, committed 11568K, reserved 1048576K
GC Heap History (10 events):
Event: 35952.863 GC heap before
{Heap before GC invocations=514 (full 30):
 PSYoungGen      total 54272K, used 48384K [0x00000007bc400000, 0x00000007c0000000, 0x00000007c0000000)
  eden space 47104K, 100% used [0x00000007bc400000,0x00000007bf200000,0x00000007bf200000)
  from space 7168K, 17% used [0x00000007bf200000,0x00000007bf340000,0x00000007bf900000)
  to   space 6656K, 0% used [0x00000007bf980000,0x00000007bf980000,0x00000007c0000000)
 ParOldGen       total 143360K, used 97951K [0x0000000700000000, 0x0000000708c00000, 0x00000007bc400000)
  object space 143360K, 68% used [0x0000000700000000,0x0000000705fa7d18,0x0000000708c00000)
 Metaspace       used 81174K, capacity 81901K, committed 82736K, reserved 1120256K
  class space    used 11290K, capacity 11447K, committed 11568K, reserved 1048576K
Event: 35952.868 GC heap after
Heap after GC invocations=514 (full 30):
 PSYoungGen      total 55296K, used 1646K [0x00000007bc400000, 0x00000007c0000000, 0x00000007c0000000)
  eden space 48640K, 0% used [0x00000007bc400000,0x00000007bc400000,0x00000007bf380000)
  from space 6656K, 24% used [0x00000007bf980000,0x00000007bfb1b988,0x00000007c0000000)
  to   space 6144K, 0% used [0x00000007bf380000,0x00000007bf380000,0x00000007bf980000)
 ParOldGen       total 143360K, used 98759K [0x0000000700000000, 0x0000000708c00000, 0x00000007bc400000)
  object space 143360K, 68% used [0x0000000700000000,0x0000000706071df0,0x0000000708c00000)
 Metaspace       used 81174K, capacity 81901K, committed 82736K, reserved 1120256K
  class space    used 11290K, capacity 11447K, committed 11568K, reserved 1048576K
}
Event: 35982.334 GC heap before
{Heap before GC invocations=515 (full 30):
 PSYoungGen      total 55296K, used 50286K [0x00000007bc400000, 0x00000007c0000000, 0x00000007c0000000)
  eden space 48640K, 100% used [0x00000007bc400000,0x00000007bf380000,0x00000007bf380000)
  from space 6656K, 24% used [0x00000007bf980000,0x00000007bfb1b988,0x00000007c0000000)
  to   space 6144K, 0% used [0x00000007bf380000,0x00000007bf380000,0x00000007bf980000)
 ParOldGen       total 143360K, used 98759K [0x0000000700000000, 0x0000000708c00000, 0x00000007bc400000)
  object space 143360K, 68% used [0x0000000700000000,0x0000000706071df0,0x0000000708c00000)
 Metaspace       used 81185K, capacity 81909K, committed 82736K, reserved 1120256K
  class space    used 11291K, capacity 11449K, committed 11568K, reserved 1048576K
Event: 35982.339 GC heap after
Heap after GC invocations=515 (full 30):
 PSYoungGen      total 54784K, used 1366K [0x00000007bc400000, 0x00000007c0000000, 0x00000007c0000000)
  eden space 48640K, 0% used [0x00000007bc400000,0x00000007bc400000,0x00000007bf380000)
  from space 6144K, 22% used [0x00000007bf380000,0x00000007bf4d5a80,0x00000007bf980000)
  to   space 5632K, 0% used [0x00000007bfa80000,0x00000007bfa80000,0x00000007c0000000)
 ParOldGen       total 143360K, used 99837K [0x0000000700000000, 0x0000000708c00000, 0x00000007bc400000)
  object space 143360K, 69% used [0x0000000700000000,0x000000070617f7b8,0x0000000708c00000)
 Metaspace       used 81185K, capacity 81909K, committed 82736K, reserved 1120256K
  class space    used 11291K, capacity 11449K, committed 11568K, reserved 1048576K
}
Event: 36012.898 GC heap before
{Heap before GC invocations=516 (full 30):
 PSYoungGen      total 54784K, used 50006K [0x00000007bc400000, 0x00000007c0000000, 0x00000007c0000000)
  eden space 48640K, 100% used [0x00000007bc400000,0x00000007bf380000,0x00000007bf380000)
  from space 6144K, 22% used [0x00000007bf380000,0x00000007bf4d5a80,0x00000007bf980000)
  to   space 5632K, 0% used [0x00000007bfa80000,0x00000007bfa80000,0x00000007c0000000)
 ParOldGen       total 143360K, used 99837K [0x0000000700000000, 0x0000000708c00000, 0x00000007bc400000)
  object space 143360K, 69% used [0x0000000700000000,0x000000070617f7b8,0x0000000708c00000)
 Metaspace       used 81266K, capacity 81979K, committed 82736K, reserved 1120256K
  class space    used 11300K, capacity 11450K, committed 11568K, reserved 1048576K
Event: 36012.903 GC heap after
Heap after GC invocations=516 (full 30):
 PSYoungGen      total 55808K, used 2039K [0x00000007bc400000, 0x00000007c0000000, 0x00000007c0000000)
  eden space 50176K, 0% used [0x00000007bc400000,0x00000007bc400000,0x00000007bf500000)
  from space 5632K, 36% used [0x00000007bfa80000,0x00000007bfc7dcb8,0x00000007c0000000)
  to   space 5632K, 0% used [0x00000007bf500000,0x00000007bf500000,0x00000007bfa80000)
 ParOldGen       total 143360K, used 100574K [0x0000000700000000, 0x0000000708c00000, 0x00000007bc400000)
  object space 143360K, 70% used [0x0000000700000000,0x0000000706237818,0x0000000708c00000)
 Metaspace       used 81266K, capacity 81979K, committed 82736K, reserved 1120256K
  class space    used 11300K, capacity 11450K, committed 11568K, reserved 1048576K
}
Event: 36020.430 GC heap before
{Heap before GC invocations=517 (full 30):
 PSYoungGen      total 55808K, used 52215K [0x00000007bc400000, 0x00000007c0000000, 0x00000007c0000000)
  eden space 50176K, 100% used [0x00000007bc400000,0x00000007bf500000,0x00000007bf500000)
  from space 5632K, 36% used [0x00000007bfa80000,0x00000007bfc7dcb8,0x00000007c0000000)
  to   space 5632K, 0% used [0x00000007bf500000,0x00000007bf500000,0x00000007bfa80000)
 ParOldGen       total 143360K, used 100574K [0x0000000700000000, 0x0000000708c00000, 0x00000007bc400000)
  object space 143360K, 70% used [0x0000000700000000,0x0000000706237818,0x0000000708c00000)
 Metaspace       used 81303K, capacity 82049K, committed 82992K, reserved 1120256K
  class space    used 11301K, capacity 11451K, committed 11568K, reserved 1048576K
Event: 36020.435 GC heap after
Heap after GC invocations=517 (full 30):
 PSYoungGen      total 55296K, used 4895K [0x00000007bc400000, 0x00000007c0000000, 0x00000007c0000000)
  eden space 50176K, 0% used [0x00000007bc400000,0x00000007bc400000,0x00000007bf500000)
  from space 5120K, 95% used [0x00000007bf500000,0x00000007bf9c7c88,0x00000007bfa00000)
  to   space 6144K, 0% used [0x00000007bfa00000,0x00000007bfa00000,0x00000007c0000000)
 ParOldGen       total 143360K, used 100582K [0x0000000700000000, 0x0000000708c00000, 0x00000007bc400000)
  object space 143360K, 70% used [0x0000000700000000,0x0000000706239818,0x0000000708c00000)
 Metaspace       used 81303K, capacity 82049K, committed 82992K, reserved 1120256K
  class space    used 11301K, capacity 11451K, committed 11568K, reserved 1048576K
}
Event: 36020.994 GC heap before
{Heap before GC invocations=518 (full 30):
 PSYoungGen      total 55296K, used 55071K [0x00000007bc400000, 0x00000007c0000000, 0x00000007c0000000)
  eden space 50176K, 100% used [0x00000007bc400000,0x00000007bf500000,0x00000007bf500000)
  from space 5120K, 95% used [0x00000007bf500000,0x00000007bf9c7c88,0x00000007bfa00000)
  to   space 6144K, 0% used [0x00000007bfa00000,0x00000007bfa00000,0x00000007c0000000)
 ParOldGen       total 143360K, used 100582K [0x0000000700000000, 0x0000000708c00000, 0x00000007bc400000)
  object space 143360K, 70% used [0x0000000700000000,0x0000000706239818,0x0000000708c00000)
 Metaspace       used 81333K, capacity 82113K, committed 82992K, reserved 1120256K
  class space    used 11301K, capacity 11451K, committed 11568K, reserved 1048576K
Event: 36021.000 GC heap after
Heap after GC invocations=518 (full 30):
 PSYoungGen      total 52224K, used 6139K [0x00000007bc400000, 0x00000007c0000000, 0x00000007c0000000)
  eden space 46080K, 0% used [0x00000007bc400000,0x00000007bc400000,0x00000007bf100000)
  from space 6144K, 99% used [0x00000007bfa00000,0x00000007bfffef90,0x00000007c0000000)
  to   space 7680K, 0% used [0x00000007bf100000,0x00000007bf100000,0x00000007bf880000)
 ParOldGen       total 143360K, used 100942K [0x0000000700000000, 0x0000000708c00000, 0x00000007bc400000)
  object space 143360K, 70% used [0x0000000700000000,0x0000000706293868,0x0000000708c00000)
 Metaspace       used 81333K, capacity 82113K, committed 82992K, reserved 1120256K
  class space    used 11301K, capacity 11451K, committed 11568K, reserved 1048576K
}

